2025-12-04 20:13:31.534 [info] Extension host with pid 32045 started
2025-12-04 20:13:31.534 [info] Skipping acquiring lock for /home/jay/.config/Code/User/workspaceStorage/dcdb94ab4165cf062d5df2fc09e22f07.
2025-12-04 20:13:31.586 [info] ExtensionService#_doActivateExtension vscode.github-authentication, startup: false, activationEvent: 'onAuthenticationRequest:github'
2025-12-04 20:13:31.607 [info] ExtensionService#_doActivateExtension vscode.emmet, startup: false, activationEvent: 'onLanguage'
2025-12-04 20:13:31.673 [info] ExtensionService#_doActivateExtension vscode.git-base, startup: true, activationEvent: '*'
2025-12-04 20:13:31.677 [info] ExtensionService#_doActivateExtension vscode.github, startup: true, activationEvent: '*'
2025-12-04 20:13:31.734 [info] Eager extensions activated
2025-12-04 20:13:31.735 [info] ExtensionService#_doActivateExtension vscode.debug-auto-launch, startup: false, activationEvent: 'onStartupFinished'
2025-12-04 20:13:31.737 [info] ExtensionService#_doActivateExtension vscode.merge-conflict, startup: false, activationEvent: 'onStartupFinished'
2025-12-04 20:13:33.426 [info] ExtensionService#_doActivateExtension vscode.git, startup: false, activationEvent: 'api', root cause: vscode.github
2025-12-04 20:20:33.669 [info] Extension host terminating: renderer closed the MessagePort
2025-12-04 20:20:33.683 [error] ProxyResolver#resolveProxy undefined Canceled: Canceled
	at new ij (file:///opt/visual-studio-code/resources/app/out/vs/workbench/api/node/extensionHostProcess.js:29:120021)
	at JS.U (file:///opt/visual-studio-code/resources/app/out/vs/workbench/api/node/extensionHostProcess.js:29:124631)
	at s.<computed>.n.charCodeAt.s.<computed> (file:///opt/visual-studio-code/resources/app/out/vs/workbench/api/node/extensionHostProcess.js:29:122125)
	at My.resolveProxy (file:///opt/visual-studio-code/resources/app/out/vs/workbench/api/node/extensionHostProcess.js:111:76517)
	at Object.resolveProxy (file:///opt/visual-studio-code/resources/app/out/vs/workbench/api/node/extensionHostProcess.js:212:23219)
	at useProxySettings (/opt/visual-studio-code/resources/app/node_modules/@vscode/proxy-agent/out/index.js:208:16)
	at /opt/visual-studio-code/resources/app/node_modules/@vscode/proxy-agent/out/index.js:145:13
	at /opt/visual-studio-code/resources/app/node_modules/@vscode/proxy-agent/out/index.js:791:13 
2025-12-04 20:20:33.689 [info] Extension host with pid 32045 exiting with code 0
