2025-12-04 20:15:15.011 [info] [main] Log level: Info
2025-12-04 20:15:15.011 [info] [main] Validating found git in: "git"
2025-12-04 20:15:15.011 [info] [main] Using git "2.52.0" from "git"
2025-12-04 20:15:15.011 [info] [Model][doInitialScan] Initial repository scan started
2025-12-04 20:15:15.011 [info] > git rev-parse --show-toplevel [2ms]
2025-12-04 20:15:15.011 [info] fatal: not a git repository (or any of the parent directories): .git
2025-12-04 20:15:15.012 [info] > git rev-parse --show-toplevel [2ms]
2025-12-04 20:15:15.012 [info] fatal: not a git repository (or any of the parent directories): .git
2025-12-04 20:15:15.015 [info] > git rev-parse --show-toplevel [1ms]
2025-12-04 20:15:15.015 [info] fatal: not a git repository (or any of the parent directories): .git
2025-12-04 20:15:15.019 [info] > git rev-parse --show-toplevel [0ms]
2025-12-04 20:15:15.019 [info] fatal: not a git repository (or any of the parent directories): .git
2025-12-04 20:15:15.020 [info] [Model][doInitialScan] Initial repository scan completed - repositories (0), closed repositories (0), parent repositories (0), unsafe repositories (0)
2025-12-04 20:15:15.047 [info] > git rev-parse --show-toplevel [1ms]
2025-12-04 20:15:15.047 [info] fatal: not a git repository (or any of the parent directories): .git
2025-12-04 20:15:24.403 [info] > git rev-parse --show-toplevel [1ms]
2025-12-04 20:15:24.403 [info] fatal: not a git repository (or any of the parent directories): .git
2025-12-04 20:15:26.226 [info] > git rev-parse --show-toplevel [1ms]
2025-12-04 20:15:26.227 [info] fatal: not a git repository (or any of the parent directories): .git
2025-12-04 20:15:44.423 [info] > git rev-parse --show-toplevel [4ms]
2025-12-04 20:15:44.423 [info] fatal: not a git repository (or any of the parent directories): .git
2025-12-04 20:15:44.428 [info] > git rev-parse --show-toplevel [1ms]
2025-12-04 20:15:44.428 [info] fatal: not a git repository (or any of the parent directories): .git
