2025-12-04 21:44:24.369 [info] [main] Log level: Info
2025-12-04 21:44:24.369 [info] [main] Validating found git in: "git"
2025-12-04 21:44:24.369 [info] [main] Using git "2.52.0" from "git"
2025-12-04 21:44:24.369 [info] [Model][doInitialScan] Initial repository scan started
2025-12-04 21:44:24.369 [info] > git rev-parse --show-toplevel [55ms]
2025-12-04 21:44:24.369 [info] fatal: not a git repository (or any of the parent directories): .git
2025-12-04 21:44:24.369 [info] > git rev-parse --show-toplevel [18ms]
2025-12-04 21:44:24.369 [info] fatal: not a git repository (or any of the parent directories): .git
2025-12-04 21:44:24.369 [info] > git rev-parse --show-toplevel [1ms]
2025-12-04 21:44:24.369 [info] fatal: not a git repository (or any of the parent directories): .git
2025-12-04 21:44:24.375 [info] > git rev-parse --show-toplevel [1ms]
2025-12-04 21:44:24.375 [info] fatal: not a git repository (or any of the parent directories): .git
2025-12-04 21:44:24.379 [info] > git rev-parse --show-toplevel [0ms]
2025-12-04 21:44:24.379 [info] fatal: not a git repository (or any of the parent directories): .git
2025-12-04 21:44:24.383 [info] [Model][doInitialScan] Initial repository scan completed - repositories (0), closed repositories (0), parent repositories (0), unsafe repositories (0)
2025-12-04 21:44:24.410 [info] > git rev-parse --show-toplevel [1ms]
2025-12-04 21:44:24.410 [info] fatal: not a git repository (or any of the parent directories): .git
2025-12-04 21:44:24.443 [info] > git rev-parse --show-toplevel [1ms]
2025-12-04 21:44:24.443 [info] fatal: not a git repository (or any of the parent directories): .git
2025-12-04 21:44:24.501 [info] > git rev-parse --show-toplevel [1ms]
2025-12-04 21:44:24.501 [info] fatal: not a git repository (or any of the parent directories): .git
2025-12-04 21:44:24.611 [info] > git rev-parse --show-toplevel [1ms]
2025-12-04 21:44:24.611 [info] fatal: not a git repository (or any of the parent directories): .git
2025-12-04 21:44:24.659 [info] > git rev-parse --show-toplevel [1ms]
2025-12-04 21:44:24.659 [info] fatal: not a git repository (or any of the parent directories): .git
2025-12-04 21:44:25.276 [info] > git rev-parse --show-toplevel [1ms]
2025-12-04 21:44:25.276 [info] fatal: not a git repository (or any of the parent directories): .git
2025-12-04 21:44:25.924 [info] > git rev-parse --show-toplevel [1ms]
2025-12-04 21:44:25.924 [info] fatal: not a git repository (or any of the parent directories): .git
2025-12-04 21:44:32.386 [info] > git rev-parse --show-toplevel [1ms]
2025-12-04 21:44:32.386 [info] fatal: not a git repository (or any of the parent directories): .git
2025-12-04 21:46:11.211 [info] > git rev-parse --show-toplevel [1ms]
2025-12-04 21:46:11.211 [info] fatal: not a git repository (or any of the parent directories): .git
2025-12-04 21:46:58.635 [info] > git rev-parse --show-toplevel [1ms]
2025-12-04 21:46:58.635 [info] fatal: not a git repository (or any of the parent directories): .git
2025-12-04 21:48:09.814 [info] > git rev-parse --show-toplevel [2ms]
2025-12-04 21:48:09.814 [info] fatal: not a git repository (or any of the parent directories): .git
2025-12-04 21:48:22.574 [info] > git rev-parse --show-toplevel [1ms]
2025-12-04 21:48:22.574 [info] fatal: not a git repository (or any of the parent directories): .git
2025-12-04 21:54:07.145 [info] > git rev-parse --show-toplevel [1ms]
2025-12-04 21:54:07.145 [info] fatal: not a git repository (or any of the parent directories): .git
2025-12-04 21:54:15.982 [info] > git rev-parse --show-toplevel [1ms]
2025-12-04 21:54:15.982 [info] fatal: not a git repository (or any of the parent directories): .git
2025-12-04 21:55:19.122 [info] > git rev-parse --show-toplevel [1ms]
2025-12-04 21:55:19.122 [info] fatal: not a git repository (or any of the parent directories): .git
2025-12-04 21:55:26.193 [info] > git rev-parse --show-toplevel [1ms]
2025-12-04 21:55:26.193 [info] fatal: not a git repository (or any of the parent directories): .git
2025-12-04 21:55:27.528 [info] > git rev-parse --show-toplevel [2ms]
2025-12-04 21:55:27.528 [info] fatal: not a git repository (or any of the parent directories): .git
2025-12-04 21:56:10.252 [info] > git rev-parse --show-toplevel [1ms]
2025-12-04 21:56:10.252 [info] fatal: not a git repository (or any of the parent directories): .git
2025-12-04 21:58:00.527 [info] > git rev-parse --show-toplevel [1ms]
2025-12-04 21:58:00.527 [info] fatal: not a git repository (or any of the parent directories): .git
2025-12-04 21:59:02.533 [info] > git rev-parse --show-toplevel [1ms]
2025-12-04 21:59:02.533 [info] fatal: not a git repository (or any of the parent directories): .git
2025-12-04 22:02:01.520 [info] > git rev-parse --show-toplevel [2ms]
2025-12-04 22:02:01.520 [info] fatal: not a git repository (or any of the parent directories): .git
2025-12-04 22:02:04.185 [info] > git rev-parse --show-toplevel [1ms]
2025-12-04 22:02:04.185 [info] fatal: not a git repository (or any of the parent directories): .git
2025-12-04 22:03:21.443 [info] > git rev-parse --show-toplevel [1ms]
2025-12-04 22:03:21.443 [info] fatal: not a git repository (or any of the parent directories): .git
