2025-12-04 21:13:45.871 [info] [main] Log level: Info
2025-12-04 21:13:45.871 [info] [main] Validating found git in: "git"
2025-12-04 21:13:45.871 [info] [main] Using git "2.52.0" from "git"
2025-12-04 21:13:45.871 [info] [Model][doInitialScan] Initial repository scan started
2025-12-04 21:13:45.871 [info] > git rev-parse --show-toplevel [6ms]
2025-12-04 21:13:45.871 [info] fatal: not a git repository (or any of the parent directories): .git
2025-12-04 21:13:45.871 [info] > git rev-parse --show-toplevel [1ms]
2025-12-04 21:13:45.871 [info] fatal: not a git repository (or any of the parent directories): .git
2025-12-04 21:13:45.871 [info] > git rev-parse --show-toplevel [1ms]
2025-12-04 21:13:45.871 [info] fatal: not a git repository (or any of the parent directories): .git
2025-12-04 21:13:45.871 [info] > git rev-parse --show-toplevel [1ms]
2025-12-04 21:13:45.871 [info] fatal: not a git repository (or any of the parent directories): .git
2025-12-04 21:13:45.871 [info] > git rev-parse --show-toplevel [2ms]
2025-12-04 21:13:45.871 [info] fatal: not a git repository (or any of the parent directories): .git
2025-12-04 21:13:45.871 [info] [Model][doInitialScan] Initial repository scan completed - repositories (0), closed repositories (0), parent repositories (0), unsafe repositories (0)
2025-12-04 21:13:45.871 [info] > git rev-parse --show-toplevel [0ms]
2025-12-04 21:13:45.871 [info] fatal: not a git repository (or any of the parent directories): .git
2025-12-04 21:13:45.913 [info] > git rev-parse --show-toplevel [19ms]
2025-12-04 21:13:45.913 [info] fatal: not a git repository (or any of the parent directories): .git
2025-12-04 21:13:45.936 [info] > git rev-parse --show-toplevel [1ms]
2025-12-04 21:13:45.936 [info] fatal: not a git repository (or any of the parent directories): .git
2025-12-04 21:13:45.977 [info] > git rev-parse --show-toplevel [1ms]
2025-12-04 21:13:45.977 [info] fatal: not a git repository (or any of the parent directories): .git
2025-12-04 21:13:47.699 [info] > git rev-parse --show-toplevel [1ms]
2025-12-04 21:13:47.699 [info] fatal: not a git repository (or any of the parent directories): .git
2025-12-04 21:17:59.643 [info] > git rev-parse --show-toplevel [1ms]
2025-12-04 21:17:59.643 [info] fatal: not a git repository (or any of the parent directories): .git
2025-12-04 21:18:24.202 [info] > git rev-parse --show-toplevel [1ms]
2025-12-04 21:18:24.202 [info] fatal: not a git repository (or any of the parent directories): .git
2025-12-04 21:20:29.004 [info] > git rev-parse --show-toplevel [1ms]
2025-12-04 21:20:29.004 [info] fatal: not a git repository (or any of the parent directories): .git
2025-12-04 21:21:46.965 [info] > git rev-parse --show-toplevel [1ms]
2025-12-04 21:21:46.965 [info] fatal: not a git repository (or any of the parent directories): .git
2025-12-04 21:23:20.393 [info] > git rev-parse --show-toplevel [1ms]
2025-12-04 21:23:20.393 [info] fatal: not a git repository (or any of the parent directories): .git
2025-12-04 21:24:13.949 [info] > git rev-parse --show-toplevel [1ms]
2025-12-04 21:24:13.949 [info] fatal: not a git repository (or any of the parent directories): .git
2025-12-04 21:24:40.804 [info] > git rev-parse --show-toplevel [1ms]
2025-12-04 21:24:40.804 [info] fatal: not a git repository (or any of the parent directories): .git
2025-12-04 21:25:18.382 [info] > git rev-parse --show-toplevel [1ms]
2025-12-04 21:25:18.382 [info] fatal: not a git repository (or any of the parent directories): .git
2025-12-04 21:25:58.918 [info] > git rev-parse --show-toplevel [1ms]
2025-12-04 21:25:58.918 [info] fatal: not a git repository (or any of the parent directories): .git
2025-12-04 21:26:04.629 [info] > git rev-parse --show-toplevel [1ms]
2025-12-04 21:26:04.629 [info] fatal: not a git repository (or any of the parent directories): .git
2025-12-04 21:26:06.328 [info] > git rev-parse --show-toplevel [1ms]
2025-12-04 21:26:06.328 [info] fatal: not a git repository (or any of the parent directories): .git
2025-12-04 21:27:23.476 [info] > git rev-parse --show-toplevel [1ms]
2025-12-04 21:27:23.476 [info] fatal: not a git repository (or any of the parent directories): .git
2025-12-04 21:27:35.661 [info] > git rev-parse --show-toplevel [1ms]
2025-12-04 21:27:35.661 [info] fatal: not a git repository (or any of the parent directories): .git
2025-12-04 21:27:41.257 [info] > git rev-parse --show-toplevel [2ms]
2025-12-04 21:27:41.257 [info] fatal: not a git repository (or any of the parent directories): .git
2025-12-04 21:27:59.482 [info] > git rev-parse --show-toplevel [1ms]
2025-12-04 21:27:59.482 [info] fatal: not a git repository (or any of the parent directories): .git
2025-12-04 21:28:14.992 [info] > git rev-parse --show-toplevel [1ms]
2025-12-04 21:28:14.992 [info] fatal: not a git repository (or any of the parent directories): .git
2025-12-04 21:29:09.825 [info] > git rev-parse --show-toplevel [1ms]
2025-12-04 21:29:09.825 [info] fatal: not a git repository (or any of the parent directories): .git
2025-12-04 21:30:17.319 [info] > git rev-parse --show-toplevel [1ms]
2025-12-04 21:30:17.319 [info] fatal: not a git repository (or any of the parent directories): .git
2025-12-04 21:38:54.917 [info] > git rev-parse --show-toplevel [1ms]
2025-12-04 21:38:54.917 [info] fatal: not a git repository (or any of the parent directories): .git
2025-12-04 21:39:01.446 [info] > git rev-parse --show-toplevel [1ms]
2025-12-04 21:39:01.446 [info] fatal: not a git repository (or any of the parent directories): .git
2025-12-04 21:40:21.456 [info] > git rev-parse --show-toplevel [1ms]
2025-12-04 21:40:21.456 [info] fatal: not a git repository (or any of the parent directories): .git
2025-12-04 21:40:53.297 [info] > git rev-parse --show-toplevel [1ms]
2025-12-04 21:40:53.297 [info] fatal: not a git repository (or any of the parent directories): .git
2025-12-04 21:43:06.303 [info] > git rev-parse --show-toplevel [0ms]
2025-12-04 21:43:06.303 [info] fatal: not a git repository (or any of the parent directories): .git
2025-12-04 21:43:06.691 [info] > git rev-parse --show-toplevel [0ms]
2025-12-04 21:43:06.691 [info] fatal: not a git repository (or any of the parent directories): .git
