INFO: 2025-12-06 23:04:14,129: main() 'Using profile folder /home/jay/.config/variety/'
INFO: 2025-12-06 23:04:14,132: perform_upgrade() 'Last run version was 0.8.13 or earlier, current version is 0.8.13'
INFO: 2025-12-06 23:04:14,135: process_command() 'Received command: ['--next']'
INFO: 2025-12-06 23:04:14,136: start() 'Using data_path /usr/share/variety'
INFO: 2025-12-06 23:04:14,136: load() 'Jumble loading'
INFO: 2025-12-06 23:04:14,136: _walk_modules() 'Jumble loading module in __init__ from /usr/lib/python3.13/site-packages/variety/plugins/builtin/__init__.py'
INFO: 2025-12-06 23:04:14,136: _walk_modules() 'Jumble loading module in GoodreadsSource from /usr/lib/python3.13/site-packages/variety/plugins/builtin/quotes/GoodreadsSource.py'
INFO: 2025-12-06 23:04:14,160: load() 'Jumble found plugin class: <class 'GoodreadsSource.GoodreadsSource'>: {'name': 'Goodreads', 'description': 'Fetches quotes from Goodreads.com', 'author': 'Peter Levi', 'version': '0.1'}'
INFO: 2025-12-06 23:04:14,160: _walk_modules() 'Jumble loading module in LocalFilesSource from /usr/lib/python3.13/site-packages/variety/plugins/builtin/quotes/LocalFilesSource.py'
INFO: 2025-12-06 23:04:14,160: load() 'Jumble found plugin class: <class 'LocalFilesSource.LocalFilesSource'>: {'name': 'Local text files', 'description': 'Displays quotes, defined in local text files.\nPut your own txt files in: ~/.config/variety/pluginconfig/quotes/.\nThe file format is:\n\nquote -- author\n.\nsecond quote -- another author\n.\netc...\n\nExample: http://rvelthuis.de/zips/quotes.txt', 'author': 'Peter Levi', 'version': '0.1'}'
INFO: 2025-12-06 23:04:14,160: _walk_modules() 'Jumble loading module in FortuneSource from /usr/lib/python3.13/site-packages/variety/plugins/builtin/quotes/FortuneSource.py'
INFO: 2025-12-06 23:04:14,161: load() 'Jumble found plugin class: <class 'FortuneSource.FortuneSource'>: {'name': 'UNIX fortune program', 'description': 'Displays quotes using the UNIX fortune program. You may want to install additional fortune packs, e.g. fortunes-bofh-excuses.', 'author': 'Dan Jones', 'version': '0.1'}'
INFO: 2025-12-06 23:04:14,161: _walk_modules() 'Jumble loading module in UrbanDictionarySource from /usr/lib/python3.13/site-packages/variety/plugins/builtin/quotes/UrbanDictionarySource.py'
INFO: 2025-12-06 23:04:14,161: load() 'Jumble found plugin class: <class 'UrbanDictionarySource.UrbanDictionarySource'>: {'name': 'Urban Dictionary', 'description': 'Displays definitions from Urban Dictionary', 'author': 'James Miller', 'version': '0.1'}'
INFO: 2025-12-06 23:04:14,161: _walk_modules() 'Jumble loading module in QuotationsPageSource from /usr/lib/python3.13/site-packages/variety/plugins/builtin/quotes/QuotationsPageSource.py'
INFO: 2025-12-06 23:04:14,161: load() 'Jumble found plugin class: <class 'QuotationsPageSource.QuotationsPageSource'>: {'name': 'TheQuotationsPage.com', 'description': 'Fetches quotes from TheQuotationsPage.com', 'author': 'Peter Levi', 'version': '0.1'}'
INFO: 2025-12-06 23:04:14,161: _walk_modules() 'Jumble loading module in __init__ from /usr/lib/python3.13/site-packages/variety/plugins/builtin/quotes/__init__.py'
INFO: 2025-12-06 23:04:14,162: _walk_modules() 'Jumble loading module in MediaRSSSource from /usr/lib/python3.13/site-packages/variety/plugins/builtin/downloaders/MediaRSSSource.py'
INFO: 2025-12-06 23:04:14,163: load() 'Jumble found plugin class: <class 'MediaRSSSource.MediaRSSSource'>: {'name': 'MediaRSSSource', 'description': 'Configurable source for fetching images from MediaRSS feeds', 'author': 'Peter Levi', 'version': '0.1'}'
INFO: 2025-12-06 23:04:14,163: _walk_modules() 'Jumble loading module in ArtStationDownloader from /usr/lib/python3.13/site-packages/variety/plugins/builtin/downloaders/ArtStationDownloader.py'
INFO: 2025-12-06 23:04:14,163: _walk_modules() 'Jumble loading module in BingDownloader from /usr/lib/python3.13/site-packages/variety/plugins/builtin/downloaders/BingDownloader.py'
INFO: 2025-12-06 23:04:14,163: load() 'Jumble found plugin class: <class 'BingDownloader.BingDownloader'>: {'name': 'BingDownloader', 'description': 'Bing Photo of the Day', 'author': 'Peter Levi', 'version': '0.1'}'
INFO: 2025-12-06 23:04:14,163: _walk_modules() 'Jumble loading module in MediaRSSDownloader from /usr/lib/python3.13/site-packages/variety/plugins/builtin/downloaders/MediaRSSDownloader.py'
INFO: 2025-12-06 23:04:14,164: _walk_modules() 'Jumble loading module in WallhavenSource from /usr/lib/python3.13/site-packages/variety/plugins/builtin/downloaders/WallhavenSource.py'
INFO: 2025-12-06 23:04:14,164: load() 'Jumble found plugin class: <class 'WallhavenSource.WallhavenSource'>: {'name': 'WallhavenSource', 'description': 'Configurable source for fetching images from Wallhaven.cc', 'author': 'Peter Levi', 'version': '0.1'}'
INFO: 2025-12-06 23:04:14,165: _walk_modules() 'Jumble loading module in UnsplashConfigurableSource from /usr/lib/python3.13/site-packages/variety/plugins/builtin/downloaders/UnsplashConfigurableSource.py'
INFO: 2025-12-06 23:04:14,165: load() 'Jumble found plugin class: <class 'UnsplashConfigurableSource.UnsplashConfigurableSource'>: {'name': 'UnsplashConfigurableSource', 'description': 'Configurable source for fetching photos from Unsplash.com', 'author': 'Peter Levi', 'version': '0.1'}'
INFO: 2025-12-06 23:04:14,165: _walk_modules() 'Jumble loading module in NationalGeographicDownloader from /usr/lib/python3.13/site-packages/variety/plugins/builtin/downloaders/NationalGeographicDownloader.py'
INFO: 2025-12-06 23:04:14,166: load() 'Jumble found plugin class: <class 'NationalGeographicDownloader.NationalGeographicDownloader'>: {'name': 'NationalGeographicDownloader', 'description': "National Geographic's photo of the day", 'author': 'Eric Rösch', 'version': '0.1'}'
INFO: 2025-12-06 23:04:14,166: _walk_modules() 'Jumble loading module in WallhavenDownloader from /usr/lib/python3.13/site-packages/variety/plugins/builtin/downloaders/WallhavenDownloader.py'
INFO: 2025-12-06 23:04:14,166: _walk_modules() 'Jumble loading module in WallhavenLegacyDownloader from /usr/lib/python3.13/site-packages/variety/plugins/builtin/downloaders/WallhavenLegacyDownloader.py'
INFO: 2025-12-06 23:04:14,166: _walk_modules() 'Jumble loading module in EarthviewDownloader from /usr/lib/python3.13/site-packages/variety/plugins/builtin/downloaders/EarthviewDownloader.py'
INFO: 2025-12-06 23:04:14,166: load() 'Jumble found plugin class: <class 'EarthviewDownloader.EarthviewDownloader'>: {'name': 'EarthviewDownloader', 'description': 'Google Earth View Wallpapers', 'author': 'Peter Levi', 'version': '0.1'}'
INFO: 2025-12-06 23:04:14,166: _walk_modules() 'Jumble loading module in UnsplashDownloader from /usr/lib/python3.13/site-packages/variety/plugins/builtin/downloaders/UnsplashDownloader.py'
INFO: 2025-12-06 23:04:14,167: load() 'Jumble found plugin class: <class 'UnsplashDownloader.UnsplashDownloader'>: {'name': 'UnsplashDownloader', 'description': 'High-resolution photos from Unsplash.com', 'author': 'Peter Levi', 'version': '0.1'}'
INFO: 2025-12-06 23:04:14,167: _walk_modules() 'Jumble loading module in ArtStationSource from /usr/lib/python3.13/site-packages/variety/plugins/builtin/downloaders/ArtStationSource.py'
INFO: 2025-12-06 23:04:14,167: load() 'Jumble found plugin class: <class 'ArtStationSource.ArtStationSource'>: {'name': 'ArtStationSource', 'description': 'Configurable source for fetching images from ArtStation', 'author': 'Denis Gordeev', 'version': '0.1'}'
INFO: 2025-12-06 23:04:14,167: _walk_modules() 'Jumble loading module in __init__ from /usr/lib/python3.13/site-packages/variety/plugins/builtin/downloaders/__init__.py'
INFO: 2025-12-06 23:04:14,167: _walk_modules() 'Jumble loading module in RedditSource from /usr/lib/python3.13/site-packages/variety/plugins/builtin/downloaders/RedditSource.py'
INFO: 2025-12-06 23:04:14,168: load() 'Jumble found plugin class: <class 'RedditSource.RedditSource'>: {'name': 'RedditSource', 'description': 'Configurable source for fetching images from Reddit', 'author': 'Peter Levi', 'version': '0.1'}'
INFO: 2025-12-06 23:04:14,168: _walk_modules() 'Jumble loading module in RedditDownloader from /usr/lib/python3.13/site-packages/variety/plugins/builtin/downloaders/RedditDownloader.py'
INFO: 2025-12-06 23:04:14,168: _walk_modules() 'Jumble loading module in APODDownloader from /usr/lib/python3.13/site-packages/variety/plugins/builtin/downloaders/APODDownloader.py'
INFO: 2025-12-06 23:04:14,168: load() 'Jumble found plugin class: <class 'APODDownloader.APODDownloader'>: {'name': 'APODDownloader', 'description': 'NASA Astro Pic of the Day', 'author': 'Peter Levi', 'version': '0.1'}'
INFO: 2025-12-06 23:04:14,169: _walk_modules() 'Jumble loading module in ResizingDisplayModesPlugin from /usr/lib/python3.13/site-packages/variety/plugins/builtin/display_modes/ResizingDisplayModesPlugin.py'
INFO: 2025-12-06 23:04:14,169: load() 'Jumble found plugin class: <class 'ResizingDisplayModesPlugin.ResizingDisplayModesPlugin'>: {'name': 'ResizingDisplayModesPlugin', 'description': 'Display modes that use image resizing within Variety', 'version': '1.0', 'author': 'Peter Levi'}'
INFO: 2025-12-06 23:04:14,169: _walk_modules() 'Jumble loading module in GnomeDisplayModesPlugin from /usr/lib/python3.13/site-packages/variety/plugins/builtin/display_modes/GnomeDisplayModesPlugin.py'
INFO: 2025-12-06 23:04:14,169: load() 'Jumble found plugin class: <class 'GnomeDisplayModesPlugin.GnomeDisplayModesPlugin'>: {'name': 'GnomeDisplayModesPlugin', 'description': 'Display modes relying on the underlying desktop environment', 'version': '1.0', 'author': 'Peter Levi'}'
INFO: 2025-12-06 23:04:14,170: _walk_modules() 'Jumble loading module in __init__ from /usr/lib/python3.13/site-packages/variety/plugins/builtin/display_modes/__init__.py'
INFO: 2025-12-06 23:04:14,170: _walk_modules() 'Jumble loading module in LegacyDisplayModesPlugin from /usr/lib/python3.13/site-packages/variety/plugins/builtin/display_modes/LegacyDisplayModesPlugin.py'
INFO: 2025-12-06 23:04:14,170: load() 'Jumble found plugin class: <class 'LegacyDisplayModesPlugin.LegacyDisplayModesPlugin'>: {'name': 'LegacyDisplayModesPlugin', 'description': 'Legacy display mode for compatibility with past Variety versions', 'version': '1.0', 'author': 'Peter Levi'}'
INFO: 2025-12-06 23:04:14,170: _walk_modules() 'Jumble loading module in GeneralURLDownloader from /home/jay/.config/variety/plugins/GeneralURLDownloader.py'
INFO: 2025-12-06 23:04:14,171: _walk_modules() 'Jumble loading module in CustomRedditDownloader from /home/jay/.config/variety/plugins/CustomRedditDownloader.py'
INFO: 2025-12-06 23:04:14,171: _walk_modules() 'Jumble loading module in GeneralURLSource from /home/jay/.config/variety/plugins/GeneralURLSource.py'
INFO: 2025-12-06 23:04:14,171: load() 'Jumble found plugin class: <class 'GeneralURLSource.GeneralURLSource'>: {'name': 'GeneralURLSource', 'description': 'Download images from any URL', 'author': 'Variety Community', 'version': '1.0'}'
INFO: 2025-12-06 23:04:14,171: _walk_modules() 'Jumble loading module in CustomRedditSource from /home/jay/.config/variety/plugins/CustomRedditSource.py'
INFO: 2025-12-06 23:04:14,171: load() 'Jumble found plugin class: <class 'CustomRedditSource.CustomRedditSource'>: {'name': 'CustomRedditSource', 'description': 'Add custom subreddits or multi-reddits', 'author': 'Variety Community', 'version': '1.0'}'
INFO: 2025-12-06 23:04:14,172: _walk_modules() 'Jumble loading module in myplu from /home/jay/.config/variety/plugins/myplu.py'
ERROR: 2025-12-06 23:04:14,172: _walk_modules() 'Could not load plugin module /home/jay/.config/variety/plugins/myplu.py'
Traceback (most recent call last):
  File "/usr/lib/python3.13/site-packages/jumble/Jumble.py", line 48, in _walk_modules
    spec.loader.exec_module(module)
    ~~~~~~~~~~~~~~~~~~~~~~~^^^^^^^^
  File "<frozen importlib._bootstrap_external>", line 1026, in exec_module
  File "<frozen importlib._bootstrap>", line 488, in _call_with_frames_removed
  File "/home/jay/.config/variety/plugins/myplu.py", line 5, in <module>
    from variety import VarietyPlugin
ImportError: cannot import name 'VarietyPlugin' from 'variety' (/usr/lib/python3.13/site-packages/variety/__init__.py)
ERROR: 2025-12-06 23:04:14,173: get_xdg_pictures_folder() 'Could not get path to Pictures folder. Defaulting to ~/Pictures.'
Traceback (most recent call last):
  File "/usr/lib/python3.13/site-packages/variety/Util.py", line 818, in get_xdg_pictures_folder
    raise Exception("Could not get path to Pictures folder. Defaulting to ~/Pictures.")
Exception: Could not get path to Pictures folder. Defaulting to ~/Pictures.
ERROR: 2025-12-06 23:04:14,174: get_xdg_pictures_folder() 'Could not get path to Pictures folder. Defaulting to ~/Pictures.'
Traceback (most recent call last):
  File "/usr/lib/python3.13/site-packages/variety/Util.py", line 818, in get_xdg_pictures_folder
    raise Exception("Could not get path to Pictures folder. Defaulting to ~/Pictures.")
Exception: Could not get path to Pictures folder. Defaulting to ~/Pictures.
INFO: 2025-12-06 23:04:14,182: reload_config() 'Creating new downloader for type wallhaven, location https://wallhaven.cc/toplist'
INFO: 2025-12-06 23:04:14,182: reload_config() 'Creating new downloader for type reddit, location https://www.reddit.com/r/wallpapers/hot/'
INFO: 2025-12-06 23:04:14,182: _load_credentials() 'Loaded credentials for user: ayaan25@sirprase.com'
ERROR: 2025-12-06 23:04:15,728: _get_oauth_token() 'No access token in response'
INFO: 2025-12-06 23:04:15,730: _get_auth_headers() 'No authentication configured (NSFW content may be blocked)'
INFO: 2025-12-06 23:04:15,734: log_options() 'Loaded options:'
INFO: 2025-12-06 23:04:15,735: log_options() 'change_enabled = True'
INFO: 2025-12-06 23:04:15,735: log_options() 'change_interval = 18000'
INFO: 2025-12-06 23:04:15,735: log_options() 'change_on_start = True'
INFO: 2025-12-06 23:04:15,735: log_options() 'clipboard_enabled = False'
INFO: 2025-12-06 23:04:15,735: log_options() 'clipboard_hosts = ['wallhaven.cc', 'wallpapers.net', 'flickr.com', 'imgur.com', 'deviantart.com', 'interfacelift.com', 'vladstudio.com', 'imageshack.us', 'deviantart.net', 'imageshack.com']'
INFO: 2025-12-06 23:04:15,735: log_options() 'clipboard_use_whitelist = True'
INFO: 2025-12-06 23:04:15,735: log_options() 'clock_date_font = Serif 30'
INFO: 2025-12-06 23:04:15,735: log_options() 'clock_enabled = False'
INFO: 2025-12-06 23:04:15,735: log_options() 'clock_filter = -density 100 -font `fc-match -f '%{file[0]}' '%CLOCK_FONT_NAME'` -pointsize %CLOCK_FONT_SIZE -gravity SouthEast -fill '#00000044' -annotate 0x0+[%HOFFSET+58]+[%VOFFSET+108] '%H:%M' -fill white -annotate 0x0+[%HOFFSET+60]+[%VOFFSET+110] '%H:%M' -font `fc-match -f '%{file[0]}' '%DATE_FONT_NAME'` -pointsize %DATE_FONT_SIZE -fill '#00000044' -annotate 0x0+[%HOFFSET+58]+[%VOFFSET+58] '%A, %B %d' -fill white -annotate 0x0+[%HOFFSET+60]+[%VOFFSET+60] '%A, %B %d''
INFO: 2025-12-06 23:04:15,735: log_options() 'clock_font = Serif 70'
INFO: 2025-12-06 23:04:15,735: log_options() 'configfile = /home/jay/.config/variety/variety.conf'
INFO: 2025-12-06 23:04:15,735: log_options() 'copyto_enabled = False'
INFO: 2025-12-06 23:04:15,735: log_options() 'copyto_folder = Default'
INFO: 2025-12-06 23:04:15,735: log_options() 'desired_color = [160, 160, 160]'
INFO: 2025-12-06 23:04:15,735: log_options() 'desired_color_enabled = False'
INFO: 2025-12-06 23:04:15,735: log_options() 'download_folder = /home/jay/.config/variety/Downloaded'
INFO: 2025-12-06 23:04:15,735: log_options() 'download_preference_ratio = 0.9'
INFO: 2025-12-06 23:04:15,735: log_options() 'favorites_folder = /home/jay/Pictures/Wallpapers'
INFO: 2025-12-06 23:04:15,735: log_options() 'favorites_operations = [['Downloaded', 'Copy'], ['Fetched', 'Move'], ['Others', 'Copy']]'
INFO: 2025-12-06 23:04:15,735: log_options() 'fetched_folder = /home/jay/.config/variety/Fetched'
INFO: 2025-12-06 23:04:15,735: log_options() 'filters = [[True, 'Keep original', ''], [True, 'Grayscale', '-type Grayscale'], [True, 'Heavy blur', '-scale 20% -blur 0x10 -resize 500%'], [True, 'Soft blur', '-scale 20% -blur 0x2 -resize 500%'], [True, 'Oil painting', '-paint 8'], [True, 'Pointilism', '-spread 10 -noise 3'], [True, 'Pixellate', '-scale 3% -scale 3333%']]'
INFO: 2025-12-06 23:04:15,735: log_options() 'get_wallpaper_script = /home/jay/.config/variety/scripts/get_wallpaper'
INFO: 2025-12-06 23:04:15,735: log_options() 'icon = Light'
INFO: 2025-12-06 23:04:15,735: log_options() 'internet_enabled = True'
INFO: 2025-12-06 23:04:15,735: log_options() 'lightness_enabled = False'
INFO: 2025-12-06 23:04:15,735: log_options() 'lightness_mode = 0'
INFO: 2025-12-06 23:04:15,735: log_options() 'min_rating = 4'
INFO: 2025-12-06 23:04:15,735: log_options() 'min_rating_enabled = False'
INFO: 2025-12-06 23:04:15,735: log_options() 'min_size = 80'
INFO: 2025-12-06 23:04:15,735: log_options() 'min_size_enabled = False'
INFO: 2025-12-06 23:04:15,735: log_options() 'name_regex = .*'
INFO: 2025-12-06 23:04:15,735: log_options() 'name_regex_enabled = False'
INFO: 2025-12-06 23:04:15,735: log_options() 'quota_enabled = True'
INFO: 2025-12-06 23:04:15,735: log_options() 'quota_size = 1000'
INFO: 2025-12-06 23:04:15,735: log_options() 'quotes_authors = '
INFO: 2025-12-06 23:04:15,735: log_options() 'quotes_bg_color = [80, 80, 80]'
INFO: 2025-12-06 23:04:15,735: log_options() 'quotes_bg_opacity = 55'
INFO: 2025-12-06 23:04:15,735: log_options() 'quotes_change_enabled = False'
INFO: 2025-12-06 23:04:15,735: log_options() 'quotes_change_interval = 300'
INFO: 2025-12-06 23:04:15,736: log_options() 'quotes_disabled_sources = ['Goodreads', 'Local text files', 'TheQuotationsPage.com', 'UNIX fortune program', 'Urban Dictionary']'
INFO: 2025-12-06 23:04:15,736: log_options() 'quotes_enabled = False'
INFO: 2025-12-06 23:04:15,736: log_options() 'quotes_favorites_file = /home/jay/.config/variety/favorite_quotes.txt'
INFO: 2025-12-06 23:04:15,736: log_options() 'quotes_font = Serif 30'
INFO: 2025-12-06 23:04:15,736: log_options() 'quotes_hpos = 100'
INFO: 2025-12-06 23:04:15,736: log_options() 'quotes_max_length = 250'
INFO: 2025-12-06 23:04:15,736: log_options() 'quotes_tags = '
INFO: 2025-12-06 23:04:15,736: log_options() 'quotes_text_color = [255, 255, 255]'
INFO: 2025-12-06 23:04:15,736: log_options() 'quotes_text_shadow = False'
INFO: 2025-12-06 23:04:15,736: log_options() 'quotes_vpos = 40'
INFO: 2025-12-06 23:04:15,736: log_options() 'quotes_width = 70'
INFO: 2025-12-06 23:04:15,736: log_options() 'safe_mode = False'
INFO: 2025-12-06 23:04:15,736: log_options() 'set_wallpaper_script = /home/jay/.config/variety/scripts/set_wallpaper'
INFO: 2025-12-06 23:04:15,736: log_options() 'slideshow_custom_enabled = False'
INFO: 2025-12-06 23:04:15,736: log_options() 'slideshow_custom_folder = /home/jay/Pictures'
INFO: 2025-12-06 23:04:15,736: log_options() 'slideshow_downloads_enabled = False'
INFO: 2025-12-06 23:04:15,736: log_options() 'slideshow_fade = 0.4'
INFO: 2025-12-06 23:04:15,736: log_options() 'slideshow_favorites_enabled = True'
INFO: 2025-12-06 23:04:15,736: log_options() 'slideshow_mode = Fullscreen'
INFO: 2025-12-06 23:04:15,736: log_options() 'slideshow_monitor = All'
INFO: 2025-12-06 23:04:15,736: log_options() 'slideshow_pan = 0.05'
INFO: 2025-12-06 23:04:15,736: log_options() 'slideshow_seconds = 6.0'
INFO: 2025-12-06 23:04:15,736: log_options() 'slideshow_sort_order = Random'
INFO: 2025-12-06 23:04:15,736: log_options() 'slideshow_sources_enabled = True'
INFO: 2025-12-06 23:04:15,736: log_options() 'slideshow_zoom = 0.2'
INFO: 2025-12-06 23:04:15,736: log_options() 'smart_enabled = False'
INFO: 2025-12-06 23:04:15,736: log_options() 'smart_notice_shown = False'
INFO: 2025-12-06 23:04:15,736: log_options() 'smart_register_shown = False'
INFO: 2025-12-06 23:04:15,736: log_options() 'sources = [[False, 'favorites', 'The Favorites folder'], [False, 'fetched', 'The Fetched folder'], [False, 'folder', '/usr/share/backgrounds'], [False, 'flickr', 'user:www.flickr.com/photos/peter-levi/;user_id:93647178@N00;'], [False, 'apod', "NASA's Astronomy Picture of the Day"], [False, 'bing', 'Bing Photo of the Day'], [False, 'earthview', 'Google Earth View Wallpapers'], [False, 'natgeo', "National Geographic's photo of the day"], [False, 'unsplash', 'High-resolution photos from Unsplash.com'], [False, 'artstation', 'https://www.artstation.com/khyzylsaleem.rss'], [True, 'wallhaven', 'https://wallhaven.cc/toplist'], [False, 'folder', '/home/jay/tmptasks/experiment/new/wallpapers_test'], [True, 'reddit', 'https://www.reddit.com/r/wallpapers/hot/'], [True, 'reddit_multi', 'Top wallpapers from multiple Reddit communities']]'
INFO: 2025-12-06 23:04:15,736: log_options() 'stats_enabled = True'
INFO: 2025-12-06 23:04:15,736: log_options() 'stats_notice_shown = False'
INFO: 2025-12-06 23:04:15,736: log_options() 'sync_enabled = True'
INFO: 2025-12-06 23:04:15,736: log_options() 'use_landscape_enabled = False'
INFO: 2025-12-06 23:04:15,736: log_options() 'wallhaven_api_key = '
INFO: 2025-12-06 23:04:15,736: log_options() 'wallpaper_auto_rotate = False'
INFO: 2025-12-06 23:04:15,736: log_options() 'wallpaper_display_mode = smart'
INFO: 2025-12-06 23:04:15,736: reload_config() 'No need to clear prepared queue'
INFO: 2025-12-06 23:04:15,736: update_indicator() 'Setting file info to: /usr/share/backgrounds/gnome/adwaita-l.jxl'
INFO: 2025-12-06 23:04:15,738: load_last_change_time() 'Change interval < 6 hours, ignore persisted last_change_time, wait initially the whole interval: 18000'
INFO: 2025-12-06 23:04:15,738: update_indicator() 'Setting file info to: /usr/share/backgrounds/gnome/adwaita-l.jxl'
INFO: 2025-12-06 23:04:15,739: regular_change_thread() 'regular_change thread running'
INFO: 2025-12-06 23:04:15,739: prepare_thread() 'Prepare thread running'
INFO: 2025-12-06 23:04:15,740: prepare_thread() 'Prepared buffer contains 0 images'
INFO: 2025-12-06 23:04:15,740: prepare_thread() 'Preparing some images'
INFO: 2025-12-06 23:04:15,744: get_throttling() 'Wallhaven.cc: parsing serverside options'
INFO: 2025-12-06 23:04:15,744: get_throttling() 'Could not parse Wallhaven.cc serverside options, using defaults 360, 40'
INFO: 2025-12-06 23:04:15,744: get_throttling() 'Wallhaven.cc: parsing serverside options'
INFO: 2025-12-06 23:04:15,744: get_throttling() 'Could not parse Wallhaven.cc serverside options, using defaults 360, 40'
INFO: 2025-12-06 23:04:15,744: download_one() 'Wallhaven.cc: Downloading an image, config: https://wallhaven.cc/toplist'
INFO: 2025-12-06 23:04:15,744: update_indicator_icon() 'Creating indicator'
INFO: 2025-12-06 23:04:15,744: download_one() 'Wallhaven.cc: Queue size: 0'
INFO: 2025-12-06 23:04:15,766: get_throttling() 'Wallhaven.cc: parsing serverside options'
INFO: 2025-12-06 23:04:15,766: get_throttling() 'Could not parse Wallhaven.cc serverside options, using defaults 360, 40'
INFO: 2025-12-06 23:04:15,766: download_one() 'Wallhaven.cc: Filling queue'
INFO: 2025-12-06 23:04:15,766: search() 'Performing wallhaven search: url=https://wallhaven.cc/toplist'
INFO: 2025-12-06 23:04:15,768: prepare_thread() 'After search prepared buffer contains 100 images'
WARNING: 2025-12-06 23:04:15,772: create_menu() 'Variety Slideshow is not installed. This is an optional extension adding pan-and-zoom slideshows to Variety: see https://github.com/peterlevi/variety-slideshow for details'
INFO: 2025-12-06 23:04:15,772: create_indicator() 'indicator backend: AppIndicator3'
INFO: 2025-12-06 23:04:15,777: set_from_theme_icon() 'Showing indicator icon variety-indicator from GTK theme'
INFO: 2025-12-06 23:04:15,839: do_set_wp() 'Calling do_set_wp with /usr/share/backgrounds/gnome/adwaita-l.jxl, time: 1765042455.839191'
INFO: 2025-12-06 23:04:15,839: do_set_wp() 'Missing file or bad permissions, will not use it: /usr/share/backgrounds/gnome/adwaita-l.jxl'
INFO: 2025-12-06 23:04:17,178: fill_queue() '300 wallpapers in result, using page 5'
INFO: 2025-12-06 23:04:17,179: search() 'Performing wallhaven search: url=https://wallhaven.cc/toplist?page=5'
INFO: 2025-12-06 23:04:17,217: reload() 'Reloading preferences dialog'
ERROR: 2025-12-06 23:04:17,217: get_xdg_pictures_folder() 'Could not get path to Pictures folder. Defaulting to ~/Pictures.'
Traceback (most recent call last):
  File "/usr/lib/python3.13/site-packages/variety/Util.py", line 818, in get_xdg_pictures_folder
    raise Exception("Could not get path to Pictures folder. Defaulting to ~/Pictures.")
Exception: Could not get path to Pictures folder. Defaulting to ~/Pictures.
ERROR: 2025-12-06 23:04:17,218: get_xdg_pictures_folder() 'Could not get path to Pictures folder. Defaulting to ~/Pictures.'
Traceback (most recent call last):
  File "/usr/lib/python3.13/site-packages/variety/Util.py", line 818, in get_xdg_pictures_folder
    raise Exception("Could not get path to Pictures folder. Defaulting to ~/Pictures.")
Exception: Could not get path to Pictures folder. Defaulting to ~/Pictures.
ERROR: 2025-12-06 23:04:17,220: get_xdg_pictures_folder() 'Could not get path to Pictures folder. Defaulting to ~/Pictures.'
Traceback (most recent call last):
  File "/usr/lib/python3.13/site-packages/variety/Util.py", line 818, in get_xdg_pictures_folder
    raise Exception("Could not get path to Pictures folder. Defaulting to ~/Pictures.")
Exception: Could not get path to Pictures folder. Defaulting to ~/Pictures.
INFO: 2025-12-06 23:04:17,225: set_wallpaper() 'Calling set_wallpaper with /home/jay/.config/variety/Downloaded/reddit_www_reddit_com_r_wallpapers_hot_/pcxtjtita62g1.png'
INFO: 2025-12-06 23:04:17,225: prepare_thread() 'Prepared buffer contains 100 images'
INFO: 2025-12-06 23:04:17,225: do_set_wp() 'Calling do_set_wp with /home/jay/.config/variety/Downloaded/reddit_www_reddit_com_r_wallpapers_hot_/pcxtjtita62g1.png, time: 1765042457.2259564'
INFO: 2025-12-06 23:04:17,227: build_imagemagick_filter_cmd() 'Applying filter: -paint 8'
INFO: 2025-12-06 23:04:17,227: build_imagemagick_filter_cmd() 'ImageMagick filter cmd: convert /home/jay/.config/variety/Downloaded/reddit_www_reddit_com_r_wallpapers_hot_/pcxtjtita62g1.png -scale 3200x2000^ -paint 8 /home/jay/.config/variety/wallpaper/wallpaper-filter-8cc87da2da5ef36743c42139dda1c63c.jpg'
INFO: 2025-12-06 23:04:17,769: trigger_download() 'Triggering download thread to check if download needed and possible'
INFO: 2025-12-06 23:04:18,611: download_one() 'Wallhaven.cc: Queue populated with 12 URLs'
INFO: 2025-12-06 23:04:18,611: download_queue_item() 'Wallpaper URL: https://wallhaven.cc/w/mllw39'
INFO: 2025-12-06 23:04:19,075: process_command() 'Received command: ['--next']'
INFO: 2025-12-06 23:04:19,078: set_wallpaper() 'Calling set_wallpaper with /home/jay/.config/variety/Downloaded/wallhaven_wallhaven_cc_toplist/wallhaven-3qqqe3.jpg'
INFO: 2025-12-06 23:04:19,078: prepare_thread() 'Prepared buffer contains 100 images'
INFO: 2025-12-06 23:04:19,079: do_set_wp() 'Calling do_set_wp with /home/jay/.config/variety/Downloaded/wallhaven_wallhaven_cc_toplist/wallhaven-3qqqe3.jpg, time: 1765042459.0796983'
INFO: 2025-12-06 23:04:19,225: trigger_download() 'Triggering download thread to check if download needed and possible'
INFO: 2025-12-06 23:04:19,226: trigger_download() 'Triggering download thread to check if download needed and possible'
INFO: 2025-12-06 23:04:19,662: update_indicator() 'Setting file info to: /home/jay/.config/variety/Downloaded/reddit_www_reddit_com_r_wallpapers_hot_/pcxtjtita62g1.png'
INFO: 2025-12-06 23:04:19,664: _load_credentials() 'Loaded credentials for user: ayaan25@sirprase.com'
INFO: 2025-12-06 23:04:20,164: download_queue_item() 'Image src URL: https://w.wallhaven.cc/full/ml/wallhaven-mllw39.jpg'
INFO: 2025-12-06 23:04:20,165: save_locally() 'Origin URL: https://wallhaven.cc/w/mllw39'
INFO: 2025-12-06 23:04:20,165: save_locally() 'Image URL: https://w.wallhaven.cc/full/ml/wallhaven-mllw39.jpg'
INFO: 2025-12-06 23:04:20,165: save_locally() 'Local path: /home/jay/.config/variety/Downloaded/wallhaven_wallhaven_cc_toplist/wallhaven-mllw39.jpg'
INFO: 2025-12-06 23:04:20,165: save_locally() 'File already exists, skip downloading'
ERROR: 2025-12-06 23:04:20,629: _get_oauth_token() 'No access token in response'
INFO: 2025-12-06 23:04:20,631: _get_auth_headers() 'No authentication configured (NSFW content may be blocked)'
INFO: 2025-12-06 23:04:20,632: list_files() 'More than 1 files in the folders, stop listing'
INFO: 2025-12-06 23:04:20,740: set_wallpaper() 'Calling set_wallpaper with /home/jay/.config/variety/Downloaded/reddit_www_reddit_com_r_wallpapers_hot_/350az8q6rz4g1.jpg'
INFO: 2025-12-06 23:04:20,740: prepare_thread() 'Prepared buffer contains 100 images'
INFO: 2025-12-06 23:04:20,743: do_set_wp() 'Calling do_set_wp with /home/jay/.config/variety/Downloaded/reddit_www_reddit_com_r_wallpapers_hot_/350az8q6rz4g1.jpg, time: 1765042460.7430594'
INFO: 2025-12-06 23:04:21,079: trigger_download() 'Triggering download thread to check if download needed and possible'
INFO: 2025-12-06 23:04:21,079: trigger_download() 'Triggering download thread to check if download needed and possible'
INFO: 2025-12-06 23:04:21,166: get_throttling() 'Reddit: parsing serverside options'
INFO: 2025-12-06 23:04:21,166: get_throttling() 'Could not parse Reddit serverside options, using defaults None, None'
INFO: 2025-12-06 23:04:21,166: get_throttling() 'Reddit: parsing serverside options'
INFO: 2025-12-06 23:04:21,166: get_throttling() 'Could not parse Reddit serverside options, using defaults None, None'
INFO: 2025-12-06 23:04:21,166: download_one() 'Reddit: Downloading an image, config: https://www.reddit.com/r/wallpapers/hot/'
INFO: 2025-12-06 23:04:21,166: download_one() 'Reddit: Queue size: 0'
INFO: 2025-12-06 23:04:21,166: get_throttling() 'Reddit: parsing serverside options'
INFO: 2025-12-06 23:04:21,166: get_throttling() 'Could not parse Reddit serverside options, using defaults None, None'
INFO: 2025-12-06 23:04:21,166: download_one() 'Reddit: Filling queue'
INFO: 2025-12-06 23:04:21,166: fill_queue() 'Custom Reddit URL: https://www.reddit.com/r/wallpapers/hot/'
INFO: 2025-12-06 23:04:21,166: fill_queue() 'Fetching from: https://www.reddit.com/r/wallpapers/hot/.json?limit=100 (attempt 1)'
INFO: 2025-12-06 23:04:22,039: build_imagemagick_filter_cmd() 'Applying filter: -scale 20% -blur 0x2 -resize 500%'
INFO: 2025-12-06 23:04:22,039: build_imagemagick_filter_cmd() 'ImageMagick filter cmd: convert /home/jay/.config/variety/Downloaded/wallhaven_wallhaven_cc_toplist/wallhaven-3qqqe3.jpg -scale 3200x2000^ -scale 20% -blur 0x2 -resize 500% /home/jay/.config/variety/wallpaper/wallpaper-filter-6e44fc703a5983795d3dc75abea2d362.jpg'
INFO: 2025-12-06 23:04:22,742: trigger_download() 'Triggering download thread to check if download needed and possible'
INFO: 2025-12-06 23:04:22,742: trigger_download() 'Triggering download thread to check if download needed and possible'
INFO: 2025-12-06 23:04:22,791: apply_display_mode() 'ImageMagick display mode cmd: convert /home/jay/.config/variety/wallpaper/wallpaper-filter-6e44fc703a5983795d3dc75abea2d362.jpg -resize 3200x2000^ -gravity center -extent 3200x2000 -scale 10% -blur 0x3 -resize 1000% -clone 0 -resize 3200x2000 -size 3200x2000 -gravity center -composite /home/jay/.config/variety/wallpaper/wallpaper-zoomed-f068dfc72f23d2608da6653ee6ee71ed.jpg'
INFO: 2025-12-06 23:04:23,277: update_indicator() 'Setting file info to: /home/jay/.config/variety/Downloaded/wallhaven_wallhaven_cc_toplist/wallhaven-3qqqe3.jpg'
INFO: 2025-12-06 23:04:23,277: list_files() 'More than 1 files in the folders, stop listing'
INFO: 2025-12-06 23:04:25,599: build_imagemagick_filter_cmd() 'Applying filter: -scale 20% -blur 0x2 -resize 500%'
INFO: 2025-12-06 23:04:25,599: build_imagemagick_filter_cmd() 'ImageMagick filter cmd: convert /home/jay/.config/variety/Downloaded/reddit_www_reddit_com_r_wallpapers_hot_/350az8q6rz4g1.jpg -scale 3200x2000^ -scale 20% -blur 0x2 -resize 500% /home/jay/.config/variety/wallpaper/wallpaper-filter-2ec77112c5fee0a463f179c7fff7f385.jpg'
INFO: 2025-12-06 23:04:26,090: update_indicator() 'Setting file info to: /home/jay/.config/variety/Downloaded/reddit_www_reddit_com_r_wallpapers_hot_/350az8q6rz4g1.jpg'
INFO: 2025-12-06 23:04:26,091: _load_credentials() 'Loaded credentials for user: ayaan25@sirprase.com'
INFO: 2025-12-06 23:04:26,773: fill_queue() 'Found 100 posts on page 1'
INFO: 2025-12-06 23:04:26,778: fill_queue() 'Reached target of 20 images'
INFO: 2025-12-06 23:04:26,778: fill_queue() 'Queue populated with 44 images'
INFO: 2025-12-06 23:04:26,780: download_one() 'Reddit: Queue populated with 44 URLs'
INFO: 2025-12-06 23:04:26,781: save_locally() 'Origin URL: https://www.reddit.com/r/wallpapers/comments/1oztlfi/constraint_5120x2880_animated_seamlessly_looping/'
INFO: 2025-12-06 23:04:26,781: save_locally() 'Image URL: https://i.redd.it/uqrzyf442w1g1.jpeg'
INFO: 2025-12-06 23:04:26,781: save_locally() 'Local path: /home/jay/.config/variety/Downloaded/reddit_www_reddit_com_r_wallpapers_hot_/uqrzyf442w1g1.jpeg'
ERROR: 2025-12-06 23:04:27,687: _get_oauth_token() 'No access token in response'
INFO: 2025-12-06 23:04:27,688: _get_auth_headers() 'No authentication configured (NSFW content may be blocked)'
INFO: 2025-12-06 23:04:27,689: list_files() 'More than 1 files in the folders, stop listing'
INFO: 2025-12-06 23:04:33,374: save_locally() 'Download complete'
INFO: 2025-12-06 23:04:33,374: update_indicator() 'Setting file info to: /home/jay/.config/variety/Downloaded/reddit_www_reddit_com_r_wallpapers_hot_/350az8q6rz4g1.jpg'
INFO: 2025-12-06 23:04:33,375: _load_credentials() 'Loaded credentials for user: ayaan25@sirprase.com'
ERROR: 2025-12-06 23:04:34,088: _get_oauth_token() 'No access token in response'
INFO: 2025-12-06 23:04:34,089: _get_auth_headers() 'No authentication configured (NSFW content may be blocked)'
INFO: 2025-12-06 23:04:34,090: list_files() 'More than 1 files in the folders, stop listing'
INFO: 2025-12-06 23:04:34,090: download_one_from() 'Adding downloaded file /home/jay/.config/variety/Downloaded/reddit_www_reddit_com_r_wallpapers_hot_/uqrzyf442w1g1.jpeg to unseen_downloads'
INFO: 2025-12-06 23:04:35,092: get_throttling() 'Reddit: parsing serverside options'
INFO: 2025-12-06 23:04:35,092: get_throttling() 'Could not parse Reddit serverside options, using defaults None, None'
INFO: 2025-12-06 23:04:35,092: get_throttling() 'Reddit: parsing serverside options'
INFO: 2025-12-06 23:04:35,092: get_throttling() 'Could not parse Reddit serverside options, using defaults None, None'
INFO: 2025-12-06 23:04:35,092: download_one() 'Reddit: Downloading an image, config: https://www.reddit.com/r/wallpapers/hot/'
INFO: 2025-12-06 23:04:35,092: download_one() 'Reddit: Queue size: 43'
INFO: 2025-12-06 23:04:35,092: download_one() 'Reddit: Queue populated with 43 URLs'
INFO: 2025-12-06 23:04:35,092: save_locally() 'Origin URL: https://www.reddit.com/r/wallpapers/comments/1ote4ka/winters_beauty_ai/'
INFO: 2025-12-06 23:04:35,092: save_locally() 'Image URL: https://i.redd.it/8d1xh28aof0g1.png'
INFO: 2025-12-06 23:04:35,092: save_locally() 'Local path: /home/jay/.config/variety/Downloaded/reddit_www_reddit_com_r_wallpapers_hot_/8d1xh28aof0g1.png'
INFO: 2025-12-06 23:04:35,741: server_options_thread() 'Fetching server options from https://gist.githubusercontent.com/peterlevi/a7d1dbf3a4e76e15760a/raw/fab10d0ce5cfe66377e7c650be56edb497aabbd4/variety_server_options.json'
INFO: 2025-12-06 23:04:36,482: server_options_thread() 'Fetched server options: {'flickr': {'min_fill_queue_interval': 1200, 'min_download_interval': 1200}, 'wallbase': {'min_fill_queue_interval': 1800, 'min_download_interval': 1800}, 'wallhaven': {'min_fill_queue_interval': 1800, 'min_download_interval': 1800}, 'wallpapers.net': {'min_fill_queue_interval': 601, 'min_download_interval': 0}, 'unsplash': {'min_fill_queue_interval': 20000000000, 'min_download_interval': 20000000000}, 'unsplash_v2': {'min_fill_queue_interval': 3600, 'min_download_interval': 1800}, 'status_message': {'0.0.1': '', '*': ''}}'
INFO: 2025-12-06 23:04:48,512: save_locally() 'Download complete'
INFO: 2025-12-06 23:04:48,513: update_indicator() 'Setting file info to: /home/jay/.config/variety/Downloaded/reddit_www_reddit_com_r_wallpapers_hot_/350az8q6rz4g1.jpg'
INFO: 2025-12-06 23:04:48,514: _load_credentials() 'Loaded credentials for user: ayaan25@sirprase.com'
ERROR: 2025-12-06 23:04:49,650: _get_oauth_token() 'No access token in response'
INFO: 2025-12-06 23:04:49,652: _get_auth_headers() 'No authentication configured (NSFW content may be blocked)'
INFO: 2025-12-06 23:04:49,652: list_files() 'More than 1 files in the folders, stop listing'
INFO: 2025-12-06 23:04:49,652: download_one_from() 'Adding downloaded file /home/jay/.config/variety/Downloaded/reddit_www_reddit_com_r_wallpapers_hot_/8d1xh28aof0g1.png to unseen_downloads'
INFO: 2025-12-06 23:04:50,653: get_throttling() 'Reddit: parsing serverside options'
INFO: 2025-12-06 23:04:50,653: get_throttling() 'Could not parse Reddit serverside options, using defaults None, None'
INFO: 2025-12-06 23:04:50,653: get_throttling() 'Reddit: parsing serverside options'
INFO: 2025-12-06 23:04:50,653: get_throttling() 'Could not parse Reddit serverside options, using defaults None, None'
INFO: 2025-12-06 23:04:50,653: download_one() 'Reddit: Downloading an image, config: https://www.reddit.com/r/wallpapers/hot/'
INFO: 2025-12-06 23:04:50,654: download_one() 'Reddit: Queue size: 42'
INFO: 2025-12-06 23:04:50,654: download_one() 'Reddit: Queue populated with 42 URLs'
INFO: 2025-12-06 23:04:50,654: save_locally() 'Origin URL: https://www.reddit.com/r/wallpapers/comments/1oy4r6f/329_and_219_wallpapers_via_smart_crop_1116_oc/'
INFO: 2025-12-06 23:04:50,654: save_locally() 'Image URL: https://preview.redd.it/v6rzf0wxxh1g1.jpg?width=7680&format=pjpg&auto=webp&s=743df87d87e68f2da79454955874e5c2205d3678'
INFO: 2025-12-06 23:04:50,654: save_locally() 'Local path: /home/jay/.config/variety/Downloaded/reddit_www_reddit_com_r_wallpapers_hot_/v6rzf0wxxh1g1.jpg'
INFO: 2025-12-06 23:04:59,884: save_locally() 'Download complete'
INFO: 2025-12-06 23:04:59,884: update_indicator() 'Setting file info to: /home/jay/.config/variety/Downloaded/reddit_www_reddit_com_r_wallpapers_hot_/350az8q6rz4g1.jpg'
INFO: 2025-12-06 23:04:59,886: _load_credentials() 'Loaded credentials for user: ayaan25@sirprase.com'
ERROR: 2025-12-06 23:05:00,657: _get_oauth_token() 'No access token in response'
INFO: 2025-12-06 23:05:00,658: _get_auth_headers() 'No authentication configured (NSFW content may be blocked)'
INFO: 2025-12-06 23:05:00,659: list_files() 'More than 1 files in the folders, stop listing'
INFO: 2025-12-06 23:05:00,659: download_one_from() 'Adding downloaded file /home/jay/.config/variety/Downloaded/reddit_www_reddit_com_r_wallpapers_hot_/v6rzf0wxxh1g1.jpg to unseen_downloads'
