2025-12-04 20:13:30.452 [info] update#setState idle
2025-12-04 20:14:00.082 [error] #1: https://update.code.visualstudio.com/api/update/linux-x64/stable/bf9252a2fb45be6893dd8870c0bf37e2e1766d61 - error undefined net::ERR_NAME_NOT_RESOLVED
2025-12-04 20:14:00.083 [error] update#isLatestVersion(): failed to check for updates
2025-12-04 20:14:00.084 [error] Error: net::ERR_NAME_NOT_RESOLVED
    at SimpleURLLoaderWrapper.<anonymous> (node:electron/js2c/browser_init:2:123970)
    at SimpleURLLoaderWrapper.emit (node:events:519:28)
2025-12-04 20:14:00.452 [info] update#setState checking for updates
2025-12-04 20:14:32.338 [error] #2: https://update.code.visualstudio.com/api/update/linux-x64/stable/bf9252a2fb45be6893dd8870c0bf37e2e1766d61?bg=true - error undefined net::ERR_NAME_NOT_RESOLVED
2025-12-04 20:14:32.339 [error] Error: net::ERR_NAME_NOT_RESOLVED
    at SimpleURLLoaderWrapper.<anonymous> (node:electron/js2c/browser_init:2:123970)
    at SimpleURLLoaderWrapper.emit (node:events:519:28)
2025-12-04 20:14:32.339 [info] update#setState idle
2025-12-04 20:15:44.402 [error] #3: https://update.code.visualstudio.com/api/update/linux-x64/stable/bf9252a2fb45be6893dd8870c0bf37e2e1766d61 - error undefined net::ERR_NAME_NOT_RESOLVED
2025-12-04 20:15:44.402 [error] update#isLatestVersion(): failed to check for updates
2025-12-04 20:15:44.402 [error] Error: net::ERR_NAME_NOT_RESOLVED
    at SimpleURLLoaderWrapper.<anonymous> (node:electron/js2c/browser_init:2:123970)
    at SimpleURLLoaderWrapper.emit (node:events:519:28)
2025-12-04 20:15:45.518 [info] Extension host with pid 32320 exited with code: 0, signal: unknown.
2025-12-04 20:15:46.521 [error] Extension host with pid 32320 still exists, forcefully killing it...
2025-12-04 20:20:33.689 [info] Extension host with pid 32045 exited with code: 0, signal: unknown.
