2025-12-04 20:13:33.511 [info] [main] Log level: Info
2025-12-04 20:13:33.511 [info] [main] Validating found git in: "git"
2025-12-04 20:13:33.511 [info] [main] Using git "2.52.0" from "git"
2025-12-04 20:13:33.511 [info] [Model][doInitialScan] Initial repository scan started
2025-12-04 20:13:33.511 [info] > git rev-parse --show-toplevel [1ms]
2025-12-04 20:13:33.511 [info] fatal: not a git repository (or any of the parent directories): .git
2025-12-04 20:13:33.511 [info] [Model][doInitialScan] Initial repository scan completed - repositories (0), closed repositories (0), parent repositories (0), unsafe repositories (0)
2025-12-04 20:13:33.511 [info] > git rev-parse --show-toplevel [1ms]
2025-12-04 20:13:33.511 [info] fatal: not a git repository (or any of the parent directories): .git
2025-12-04 20:13:38.202 [info] > git rev-parse --show-toplevel [0ms]
2025-12-04 20:13:38.202 [info] fatal: not a git repository (or any of the parent directories): .git
2025-12-04 20:14:00.104 [info] > git rev-parse --show-toplevel [5ms]
2025-12-04 20:14:00.104 [info] fatal: not a git repository (or any of the parent directories): .git
2025-12-04 20:14:00.109 [info] > git rev-parse --show-toplevel [1ms]
2025-12-04 20:14:00.109 [info] fatal: not a git repository (or any of the parent directories): .git
2025-12-04 20:14:52.548 [info] > git rev-parse --show-toplevel [1ms]
2025-12-04 20:14:52.548 [info] fatal: not a git repository (or any of the parent directories): .git
2025-12-04 20:14:54.593 [info] > git rev-parse --show-toplevel [1ms]
2025-12-04 20:14:54.593 [info] fatal: not a git repository (or any of the parent directories): .git
2025-12-04 20:14:56.574 [info] > git rev-parse --show-toplevel [1ms]
2025-12-04 20:14:56.574 [info] fatal: not a git repository (or any of the parent directories): .git
2025-12-04 20:14:57.913 [info] > git rev-parse --show-toplevel [1ms]
2025-12-04 20:14:57.913 [info] fatal: not a git repository (or any of the parent directories): .git
2025-12-04 20:14:59.757 [info] > git rev-parse --show-toplevel [1ms]
2025-12-04 20:14:59.757 [info] fatal: not a git repository (or any of the parent directories): .git
2025-12-04 20:15:00.940 [info] > git rev-parse --show-toplevel [1ms]
2025-12-04 20:15:00.940 [info] fatal: not a git repository (or any of the parent directories): .git
2025-12-04 20:15:03.173 [info] > git rev-parse --show-toplevel [1ms]
2025-12-04 20:15:03.173 [info] fatal: not a git repository (or any of the parent directories): .git
2025-12-04 20:15:11.986 [info] > git rev-parse --show-toplevel [1ms]
2025-12-04 20:15:11.986 [info] fatal: not a git repository (or any of the parent directories): .git
