2025-12-05 16:13:54.551 [info] [main] Log level: Info
2025-12-05 16:13:54.551 [info] [main] Validating found git in: "git"
2025-12-05 16:13:54.551 [info] [main] Using git "2.52.0" from "git"
2025-12-05 16:13:54.551 [info] [Model][doInitialScan] Initial repository scan started
2025-12-05 16:13:54.551 [info] > git rev-parse --show-toplevel [2ms]
2025-12-05 16:13:54.551 [info] fatal: not a git repository (or any of the parent directories): .git
2025-12-05 16:13:54.551 [info] [Model][doInitialScan] Initial repository scan completed - repositories (0), closed repositories (0), parent repositories (0), unsafe repositories (0)
2025-12-05 16:13:54.797 [info] > git rev-parse --show-toplevel [2ms]
2025-12-05 16:13:54.797 [info] fatal: not a git repository (or any of the parent directories): .git
2025-12-05 16:15:39.414 [info] > git rev-parse --show-toplevel [2ms]
2025-12-05 16:15:39.414 [info] fatal: not a git repository (or any of the parent directories): .git
2025-12-05 16:15:49.136 [info] > git rev-parse --show-toplevel [1ms]
2025-12-05 16:15:49.136 [info] fatal: not a git repository (or any of the parent directories): .git
2025-12-05 16:16:00.570 [info] > git rev-parse --show-toplevel [1ms]
2025-12-05 16:16:00.570 [info] fatal: not a git repository (or any of the parent directories): .git
2025-12-05 16:16:00.606 [info] > git rev-parse --show-toplevel [1ms]
2025-12-05 16:16:00.606 [info] fatal: not a git repository (or any of the parent directories): .git
2025-12-05 16:16:02.668 [info] > git rev-parse --show-toplevel [2ms]
2025-12-05 16:16:02.668 [info] fatal: not a git repository (or any of the parent directories): .git
2025-12-05 16:16:03.067 [info] > git rev-parse --show-toplevel [1ms]
2025-12-05 16:16:03.067 [info] fatal: not a git repository (or any of the parent directories): .git
2025-12-05 16:16:12.168 [info] > git rev-parse --show-toplevel [1ms]
2025-12-05 16:16:12.168 [info] fatal: not a git repository (or any of the parent directories): .git
2025-12-05 16:20:47.261 [info] > git rev-parse --show-toplevel [1ms]
2025-12-05 16:20:47.261 [info] fatal: not a git repository (or any of the parent directories): .git
2025-12-05 16:20:48.500 [info] > git rev-parse --show-toplevel [1ms]
2025-12-05 16:20:48.500 [info] fatal: not a git repository (or any of the parent directories): .git
2025-12-05 16:29:33.889 [info] > git rev-parse --show-toplevel [1ms]
2025-12-05 16:29:33.889 [info] fatal: not a git repository (or any of the parent directories): .git
2025-12-05 16:29:56.320 [info] > git rev-parse --show-toplevel [1ms]
2025-12-05 16:29:56.320 [info] fatal: not a git repository (or any of the parent directories): .git
2025-12-05 16:29:59.489 [info] > git rev-parse --show-toplevel [1ms]
2025-12-05 16:29:59.489 [info] fatal: not a git repository (or any of the parent directories): .git
2025-12-05 16:30:03.021 [info] > git rev-parse --show-toplevel [1ms]
2025-12-05 16:30:03.021 [info] fatal: not a git repository (or any of the parent directories): .git
2025-12-05 16:30:04.052 [info] > git rev-parse --show-toplevel [1ms]
2025-12-05 16:30:04.052 [info] fatal: not a git repository (or any of the parent directories): .git
