2025-12-04 20:35:42.367 [info] Extension host with pid 72611 started
2025-12-04 20:35:42.367 [info] Skipping acquiring lock for /home/jay/.config/Code/User/workspaceStorage/dcdb94ab4165cf062d5df2fc09e22f07.
2025-12-04 20:35:42.409 [info] ExtensionService#_doActivateExtension vscode.github-authentication, startup: false, activationEvent: 'onAuthenticationRequest:github'
2025-12-04 20:35:42.428 [info] ExtensionService#_doActivateExtension vscode.emmet, startup: false, activationEvent: 'onLanguage'
2025-12-04 20:35:42.487 [info] ExtensionService#_doActivateExtension vscode.git-base, startup: true, activationEvent: '*', root cause: vscode.git
2025-12-04 20:35:42.492 [info] ExtensionService#_doActivateExtension vscode.git, startup: true, activationEvent: '*'
2025-12-04 20:35:42.528 [info] ExtensionService#_doActivateExtension vscode.github, startup: true, activationEvent: '*'
2025-12-04 20:35:42.619 [info] Eager extensions activated
2025-12-04 20:35:42.634 [info] ExtensionService#_doActivateExtension vscode.debug-auto-launch, startup: false, activationEvent: 'onStartupFinished'
2025-12-04 20:35:42.635 [info] ExtensionService#_doActivateExtension vscode.merge-conflict, startup: false, activationEvent: 'onStartupFinished'
2025-12-04 20:38:25.074 [info] Extension host terminating: renderer closed the MessagePort
2025-12-04 20:38:25.094 [info] Extension host with pid 72611 exiting with code 0
2025-12-04 20:38:26.019 [info] Extension host with pid 78615 started
2025-12-04 20:38:26.019 [info] Skipping acquiring lock for /home/jay/.config/Code/User/workspaceStorage/47c578ef4c48dbe7d7e34578eee7b52f.
2025-12-04 20:38:26.095 [info] ExtensionService#_doActivateExtension vscode.github-authentication, startup: false, activationEvent: 'onAuthenticationRequest:github'
2025-12-04 20:38:26.119 [info] ExtensionService#_doActivateExtension vscode.emmet, startup: false, activationEvent: 'onLanguage'
2025-12-04 20:38:26.178 [info] ExtensionService#_doActivateExtension vscode.git-base, startup: true, activationEvent: '*', root cause: vscode.git
2025-12-04 20:38:26.196 [info] ExtensionService#_doActivateExtension vscode.git, startup: true, activationEvent: '*'
2025-12-04 20:38:26.234 [info] ExtensionService#_doActivateExtension vscode.github, startup: true, activationEvent: '*'
2025-12-04 20:38:26.337 [info] Eager extensions activated
2025-12-04 20:38:26.359 [info] ExtensionService#_doActivateExtension vscode.debug-auto-launch, startup: false, activationEvent: 'onStartupFinished'
2025-12-04 20:38:26.360 [info] ExtensionService#_doActivateExtension vscode.merge-conflict, startup: false, activationEvent: 'onStartupFinished'
2025-12-04 20:49:07.544 [info] ExtensionService#_doActivateExtension vscode.configuration-editing, startup: false, activationEvent: 'onLanguage:jsonc'
2025-12-04 20:49:07.551 [info] ExtensionService#_doActivateExtension vscode.json-language-features, startup: false, activationEvent: 'onLanguage:jsonc'
2025-12-04 20:49:07.605 [info] ExtensionService#_doActivateExtension vscode.typescript-language-features, startup: false, activationEvent: 'onLanguage:jsonc'
2025-12-04 21:13:09.636 [info] Extension host terminating: renderer closed the MessagePort
2025-12-04 21:13:09.659 [info] Extension host with pid 78615 exiting with code 0
