2025-12-04 21:13:13.873 [info] [main] Log level: Info
2025-12-04 21:13:13.873 [info] [main] Validating found git in: "git"
2025-12-04 21:13:13.873 [info] [main] Using git "2.52.0" from "git"
2025-12-04 21:13:13.873 [info] [Model][doInitialScan] Initial repository scan started
2025-12-04 21:13:13.873 [info] > git rev-parse --show-toplevel [5ms]
2025-12-04 21:13:13.873 [info] fatal: not a git repository (or any of the parent directories): .git
2025-12-04 21:13:13.873 [info] > git rev-parse --show-toplevel [1ms]
2025-12-04 21:13:13.873 [info] fatal: not a git repository (or any of the parent directories): .git
2025-12-04 21:13:13.873 [info] > git rev-parse --show-toplevel [1ms]
2025-12-04 21:13:13.873 [info] fatal: not a git repository (or any of the parent directories): .git
2025-12-04 21:13:13.873 [info] > git rev-parse --show-toplevel [1ms]
2025-12-04 21:13:13.873 [info] fatal: not a git repository (or any of the parent directories): .git
2025-12-04 21:13:13.873 [info] > git rev-parse --show-toplevel [1ms]
2025-12-04 21:13:13.873 [info] fatal: not a git repository (or any of the parent directories): .git
2025-12-04 21:13:13.873 [info] [Model][doInitialScan] Initial repository scan completed - repositories (0), closed repositories (0), parent repositories (0), unsafe repositories (0)
2025-12-04 21:13:13.873 [info] > git rev-parse --show-toplevel [15ms]
2025-12-04 21:13:13.873 [info] fatal: not a git repository (or any of the parent directories): .git
2025-12-04 21:13:13.892 [info] > git rev-parse --show-toplevel [1ms]
2025-12-04 21:13:13.892 [info] fatal: not a git repository (or any of the parent directories): .git
2025-12-04 21:13:15.693 [info] > git rev-parse --show-toplevel [1ms]
2025-12-04 21:13:15.693 [info] fatal: not a git repository (or any of the parent directories): .git
