2025-12-05 16:39:54.435 [info] [main] Log level: Info
2025-12-05 16:39:54.435 [info] [main] Validating found git in: "git"
2025-12-05 16:39:54.435 [info] [main] Using git "2.52.0" from "git"
2025-12-05 16:39:54.435 [info] [Model][doInitialScan] Initial repository scan started
2025-12-05 16:39:54.435 [info] > git rev-parse --show-toplevel [2ms]
2025-12-05 16:39:54.435 [info] fatal: not a git repository (or any of the parent directories): .git
2025-12-05 16:39:54.435 [info] > git rev-parse --show-toplevel [1ms]
2025-12-05 16:39:54.435 [info] fatal: not a git repository (or any of the parent directories): .git
2025-12-05 16:39:54.435 [info] > git rev-parse --show-toplevel [1ms]
2025-12-05 16:39:54.435 [info] fatal: not a git repository (or any of the parent directories): .git
2025-12-05 16:39:54.435 [info] [Model][doInitialScan] Initial repository scan completed - repositories (0), closed repositories (0), parent repositories (0), unsafe repositories (0)
2025-12-05 16:39:54.537 [info] > git rev-parse --show-toplevel [1ms]
2025-12-05 16:39:54.537 [info] fatal: not a git repository (or any of the parent directories): .git
2025-12-05 16:39:54.595 [info] > git rev-parse --show-toplevel [1ms]
2025-12-05 16:39:54.595 [info] fatal: not a git repository (or any of the parent directories): .git
2025-12-05 16:39:54.756 [info] > git rev-parse --show-toplevel [1ms]
2025-12-05 16:39:54.756 [info] fatal: not a git repository (or any of the parent directories): .git
2025-12-05 16:39:54.770 [info] > git rev-parse --show-toplevel [3ms]
2025-12-05 16:39:54.770 [info] fatal: not a git repository (or any of the parent directories): .git
2025-12-05 16:39:54.775 [info] > git rev-parse --show-toplevel [1ms]
2025-12-05 16:39:54.775 [info] fatal: not a git repository (or any of the parent directories): .git
2025-12-05 16:39:55.225 [info] > git rev-parse --show-toplevel [2ms]
2025-12-05 16:39:55.225 [info] fatal: not a git repository (or any of the parent directories): .git
2025-12-05 16:39:55.955 [info] > git rev-parse --show-toplevel [1ms]
2025-12-05 16:39:55.955 [info] fatal: not a git repository (or any of the parent directories): .git
2025-12-05 16:54:55.076 [info] > git rev-parse --show-toplevel [5ms]
2025-12-05 16:54:57.643 [info] > git rev-parse --show-toplevel [1ms]
2025-12-05 16:54:57.643 [info] fatal: not a git repository (or any of the parent directories): .git
2025-12-05 17:01:10.826 [info] > git rev-parse --show-toplevel [2ms]
2025-12-05 17:01:10.826 [info] fatal: not a git repository (or any of the parent directories): .git
