2025-12-05 04:47:49.173 [info] [main] Log level: Info
2025-12-05 04:47:49.173 [info] [main] Validating found git in: "git"
2025-12-05 04:47:49.173 [info] [main] Using git "2.52.0" from "git"
2025-12-05 04:47:49.173 [info] [Model][doInitialScan] Initial repository scan started
2025-12-05 04:47:49.173 [info] > git rev-parse --show-toplevel [9ms]
2025-12-05 04:47:49.173 [info] fatal: not a git repository (or any of the parent directories): .git
2025-12-05 04:47:49.173 [info] > git rev-parse --show-toplevel [5ms]
2025-12-05 04:47:49.173 [info] fatal: not a git repository (or any of the parent directories): .git
2025-12-05 04:47:49.173 [info] > git rev-parse --show-toplevel [2ms]
2025-12-05 04:47:49.173 [info] fatal: not a git repository (or any of the parent directories): .git
2025-12-05 04:47:49.173 [info] > git rev-parse --show-toplevel [2ms]
2025-12-05 04:47:49.173 [info] fatal: not a git repository (or any of the parent directories): .git
2025-12-05 04:47:49.173 [info] > git rev-parse --show-toplevel [2ms]
2025-12-05 04:47:49.173 [info] fatal: not a git repository (or any of the parent directories): .git
2025-12-05 04:47:49.173 [info] > git rev-parse --show-toplevel [3ms]
2025-12-05 04:47:49.173 [info] fatal: not a git repository (or any of the parent directories): .git
2025-12-05 04:47:49.173 [info] [Model][doInitialScan] Initial repository scan completed - repositories (0), closed repositories (0), parent repositories (0), unsafe repositories (0)
2025-12-05 04:47:49.397 [info] > git rev-parse --show-toplevel [1ms]
2025-12-05 04:47:49.397 [info] fatal: not a git repository (or any of the parent directories): .git
2025-12-05 04:47:49.505 [info] > git rev-parse --show-toplevel [3ms]
2025-12-05 04:47:49.505 [info] fatal: not a git repository (or any of the parent directories): .git
2025-12-05 04:47:49.868 [info] > git rev-parse --show-toplevel [2ms]
2025-12-05 04:47:49.868 [info] fatal: not a git repository (or any of the parent directories): .git
2025-12-05 04:49:39.560 [info] > git rev-parse --show-toplevel [3ms]
2025-12-05 04:49:39.560 [info] fatal: not a git repository (or any of the parent directories): .git
2025-12-05 04:52:22.550 [info] > git rev-parse --show-toplevel [2ms]
2025-12-05 04:52:22.550 [info] fatal: not a git repository (or any of the parent directories): .git
2025-12-05 04:53:26.420 [info] > git rev-parse --show-toplevel [1ms]
2025-12-05 04:53:26.420 [info] fatal: not a git repository (or any of the parent directories): .git
2025-12-05 04:53:53.035 [info] > git rev-parse --show-toplevel [3ms]
2025-12-05 04:53:53.035 [info] fatal: not a git repository (or any of the parent directories): .git
