2025-12-05 16:39:54.293 [info] Reading sessions from keychain...
2025-12-05 16:39:54.293 [info] Getting sessions for all scopes...
2025-12-05 16:39:54.293 [info] Got 0 sessions for ...
2025-12-05 16:39:54.293 [info] Getting sessions for all scopes...
2025-12-05 16:39:54.293 [info] Got 0 sessions for ...
2025-12-05 16:39:54.293 [info] Getting sessions for all scopes...
2025-12-05 16:39:54.293 [info] Got 0 sessions for ...
2025-12-05 16:39:54.293 [info] Getting sessions for all scopes...
2025-12-05 16:39:54.293 [info] Got 0 sessions for ...
2025-12-05 16:39:54.293 [info] Getting sessions for all scopes...
2025-12-05 16:39:54.293 [info] Got 0 sessions for ...
2025-12-05 16:39:54.293 [info] Getting sessions for all scopes...
2025-12-05 16:39:54.293 [info] Got 0 sessions for ...
2025-12-05 16:39:54.293 [info] Getting sessions for all scopes...
2025-12-05 16:39:54.293 [info] Got 0 sessions for ...
2025-12-05 16:39:54.293 [info] Getting sessions for all scopes...
2025-12-05 16:39:54.293 [info] Got 0 sessions for ...
2025-12-05 16:39:54.305 [info] Getting sessions for all scopes...
2025-12-05 16:39:54.305 [info] Got 0 sessions for ...
2025-12-05 16:39:54.305 [info] Getting sessions for all scopes...
2025-12-05 16:39:54.305 [info] Got 0 sessions for ...
2025-12-05 16:39:54.306 [info] Getting sessions for all scopes...
2025-12-05 16:39:54.306 [info] Got 0 sessions for ...
2025-12-05 16:39:54.306 [info] Getting sessions for all scopes...
2025-12-05 16:39:54.306 [info] Got 0 sessions for ...
2025-12-05 16:39:54.306 [info] Getting sessions for all scopes...
2025-12-05 16:39:54.306 [info] Got 0 sessions for ...
2025-12-05 16:39:54.306 [info] Getting sessions for all scopes...
2025-12-05 16:39:54.306 [info] Got 0 sessions for ...
2025-12-05 16:39:54.377 [info] Getting sessions for all scopes...
2025-12-05 16:39:54.377 [info] Got 0 sessions for ...
2025-12-05 16:39:54.583 [info] Getting sessions for all scopes...
2025-12-05 16:39:54.583 [info] Got 0 sessions for ...
2025-12-05 16:39:55.993 [info] Getting sessions for all scopes...
2025-12-05 16:39:55.993 [info] Got 0 sessions for ...
2025-12-05 16:59:02.292 [info] Getting sessions for read:user,repo,user:email,workflow...
2025-12-05 16:59:02.292 [info] Got 0 sessions for read:user,repo,user:email,workflow...
2025-12-05 16:59:06.134 [info] Logging in with 'any' account...
2025-12-05 16:59:06.134 [info] Logging in for the following scopes: read:user repo user:email workflow
2025-12-05 16:59:06.164 [info] Trying with local server... (read:user repo user:email workflow)
2025-12-05 17:01:02.735 [info] Exchanging code for token...
2025-12-05 17:01:03.539 [info] Token exchange success!
2025-12-05 17:01:03.541 [info] Getting user info...
2025-12-05 17:01:04.250 [info] Got account info!
2025-12-05 17:01:04.251 [info] Storing 1 sessions...
2025-12-05 17:01:05.787 [info] FetcherService: Electron fetch failed with status: 429 
2025-12-05 17:01:06.809 [info] FetcherService: Node fetch failed with status: 429 Too Many Requests
2025-12-05 17:01:07.932 [info] FetcherService: Node http/s failed with status: 429 Too Many Requests
2025-12-05 17:01:08.823 [info] Reading sessions from keychain...
2025-12-05 17:01:08.823 [info] Stored 1 sessions!
2025-12-05 17:01:08.823 [info] Login success!
2025-12-05 17:01:08.860 [info] Getting sessions for all scopes...
2025-12-05 17:01:08.861 [info] Got stored sessions!
2025-12-05 17:01:08.861 [info] Got 1 verified sessions.
2025-12-05 17:01:08.861 [info] Got 1 sessions for ...
2025-12-05 17:01:08.861 [info] Getting sessions for all scopes...
2025-12-05 17:01:08.861 [info] Got 1 sessions for ...
2025-12-05 17:01:08.861 [info] Getting sessions for all scopes...
2025-12-05 17:01:08.861 [info] Got 1 sessions for ...
2025-12-05 17:01:08.861 [info] Getting sessions for all scopes...
2025-12-05 17:01:08.861 [info] Got 1 sessions for ...
2025-12-05 17:01:08.862 [info] Getting sessions for all scopes...
2025-12-05 17:01:08.862 [info] Got 1 sessions for ...
2025-12-05 17:01:08.862 [info] Getting sessions for all scopes...
2025-12-05 17:01:08.862 [info] Got 1 sessions for ...
2025-12-05 17:01:17.549 [info] Getting sessions for read:user,repo,user:email,workflow...
2025-12-05 17:01:17.549 [info] Got 1 sessions for read:user,repo,user:email,workflow...
