2025-12-05 16:12:00.954 [info] [main] Log level: Info
2025-12-05 16:12:00.954 [info] [main] Validating found git in: "git"
2025-12-05 16:12:00.954 [info] [main] Using git "2.52.0" from "git"
2025-12-05 16:12:00.954 [info] [Model][doInitialScan] Initial repository scan started
2025-12-05 16:12:00.954 [info] > git rev-parse --show-toplevel [3ms]
2025-12-05 16:12:00.954 [info] fatal: not a git repository (or any of the parent directories): .git
2025-12-05 16:12:00.954 [info] > git rev-parse --show-toplevel [1ms]
2025-12-05 16:12:00.954 [info] fatal: not a git repository (or any of the parent directories): .git
2025-12-05 16:12:00.954 [info] > git rev-parse --show-toplevel [1ms]
2025-12-05 16:12:00.954 [info] fatal: not a git repository (or any of the parent directories): .git
2025-12-05 16:12:00.954 [info] > git rev-parse --show-toplevel [1ms]
2025-12-05 16:12:00.954 [info] fatal: not a git repository (or any of the parent directories): .git
2025-12-05 16:12:00.954 [info] [Model][doInitialScan] Initial repository scan completed - repositories (0), closed repositories (0), parent repositories (0), unsafe repositories (0)
2025-12-05 16:12:01.932 [info] > git rev-parse --show-toplevel [2ms]
2025-12-05 16:12:01.932 [info] fatal: not a git repository (or any of the parent directories): .git
2025-12-05 16:12:01.946 [info] > git rev-parse --show-toplevel [1ms]
2025-12-05 16:12:01.946 [info] fatal: not a git repository (or any of the parent directories): .git
2025-12-05 16:12:02.698 [info] > git rev-parse --show-toplevel [1ms]
2025-12-05 16:12:02.698 [info] fatal: not a git repository (or any of the parent directories): .git
2025-12-05 16:12:04.821 [info] > git rev-parse --show-toplevel [1ms]
2025-12-05 16:12:04.821 [info] fatal: not a git repository (or any of the parent directories): .git
2025-12-05 16:12:08.188 [info] > git rev-parse --show-toplevel [1ms]
2025-12-05 16:12:08.188 [info] fatal: not a git repository (or any of the parent directories): .git
2025-12-05 16:12:10.347 [info] > git rev-parse --show-toplevel [1ms]
2025-12-05 16:12:10.347 [info] fatal: not a git repository (or any of the parent directories): .git
2025-12-05 16:12:12.559 [info] > git rev-parse --show-toplevel [1ms]
2025-12-05 16:12:12.559 [info] fatal: not a git repository (or any of the parent directories): .git
2025-12-05 16:12:13.647 [info] > git rev-parse --show-toplevel [1ms]
2025-12-05 16:12:13.647 [info] fatal: not a git repository (or any of the parent directories): .git
2025-12-05 16:12:14.768 [info] > git rev-parse --show-toplevel [1ms]
2025-12-05 16:12:14.768 [info] fatal: not a git repository (or any of the parent directories): .git
2025-12-05 16:12:17.150 [info] > git rev-parse --show-toplevel [2ms]
2025-12-05 16:12:17.150 [info] fatal: not a git repository (or any of the parent directories): .git
2025-12-05 16:12:40.960 [info] > git rev-parse --show-toplevel [1ms]
2025-12-05 16:12:40.960 [info] fatal: not a git repository (or any of the parent directories): .git
