2025-12-05 16:15:48.330 [info] Getting Manifest... ms-python.python
2025-12-05 16:15:48.596 [info] Installing extension: ms-python.python {"isMachineScoped":false,"profileLocation":{"$mid":1,"external":"vscode-userdata:/home/jay/.vscode/extensions/extensions.json","path":"/home/jay/.vscode/extensions/extensions.json","scheme":"vscode-userdata"},"isApplicationScoped":false,"productVersion":{"version":"1.106.3","date":"2025-11-25T22:28:18.024Z"}}
2025-12-05 16:15:49.428 [info] Getting Manifest... ms-python.vscode-pylance
2025-12-05 16:15:49.502 [info] Getting Manifest... ms-python.vscode-python-envs
2025-12-05 16:15:49.569 [info] Getting Manifest... ms-python.debugpy
2025-12-05 16:15:49.659 [info] Installing extension: ms-python.vscode-pylance {"isMachineScoped":false,"profileLocation":{"$mid":1,"external":"vscode-userdata:/home/jay/.vscode/extensions/extensions.json","path":"/home/jay/.vscode/extensions/extensions.json","scheme":"vscode-userdata"},"isApplicationScoped":false,"productVersion":{"version":"1.106.3","date":"2025-11-25T22:28:18.024Z"},"pinned":false,"installGivenVersion":false,"context":{"dependecyOrPackExtensionInstall":true}}
2025-12-05 16:15:49.660 [info] Installing extension: ms-python.vscode-python-envs {"isMachineScoped":false,"profileLocation":{"$mid":1,"external":"vscode-userdata:/home/jay/.vscode/extensions/extensions.json","path":"/home/jay/.vscode/extensions/extensions.json","scheme":"vscode-userdata"},"isApplicationScoped":false,"productVersion":{"version":"1.106.3","date":"2025-11-25T22:28:18.024Z"},"pinned":false,"installGivenVersion":false,"context":{"dependecyOrPackExtensionInstall":true}}
2025-12-05 16:15:49.660 [info] Installing extension: ms-python.debugpy {"isMachineScoped":false,"profileLocation":{"$mid":1,"external":"vscode-userdata:/home/jay/.vscode/extensions/extensions.json","path":"/home/jay/.vscode/extensions/extensions.json","scheme":"vscode-userdata"},"isApplicationScoped":false,"productVersion":{"version":"1.106.3","date":"2025-11-25T22:28:18.024Z"},"pinned":false,"installGivenVersion":false,"context":{"dependecyOrPackExtensionInstall":true}}
2025-12-05 16:15:54.473 [info] Extension signature verification result for ms-python.vscode-python-envs: Success. Internal Code: 0. Executed: true. Duration: 1525ms.
2025-12-05 16:15:54.624 [info] Extracted extension to file:///home/jay/.vscode/extensions/ms-python.vscode-python-envs-1.12.0-linux-x64: ms-python.vscode-python-envs
2025-12-05 16:15:54.630 [info] Renamed to /home/jay/.vscode/extensions/ms-python.vscode-python-envs-1.12.0-linux-x64
2025-12-05 16:15:56.341 [info] Extension signature verification result for ms-python.debugpy: Success. Internal Code: 0. Executed: true. Duration: 475ms.
2025-12-05 16:15:56.570 [info] Extracted extension to file:///home/jay/.vscode/extensions/ms-python.debugpy-2025.16.0: ms-python.debugpy
2025-12-05 16:15:56.580 [info] Renamed to /home/jay/.vscode/extensions/ms-python.debugpy-2025.16.0
2025-12-05 16:15:56.857 [info] Extension signature verification result for ms-python.python: Success. Internal Code: 0. Executed: true. Duration: 474ms.
2025-12-05 16:15:57.437 [info] Extracted extension to file:///home/jay/.vscode/extensions/ms-python.python-2025.18.0-linux-x64: ms-python.python
2025-12-05 16:15:57.474 [info] Renamed to /home/jay/.vscode/extensions/ms-python.python-2025.18.0-linux-x64
2025-12-05 16:15:58.645 [info] Extension signature verification result for ms-python.vscode-pylance: Success. Internal Code: 0. Executed: true. Duration: 513ms.
2025-12-05 16:16:00.408 [info] Extracted extension to file:///home/jay/.vscode/extensions/ms-python.vscode-pylance-2025.10.4: ms-python.vscode-pylance
2025-12-05 16:16:00.520 [info] Renamed to /home/jay/.vscode/extensions/ms-python.vscode-pylance-2025.10.4
2025-12-05 16:16:00.533 [info] Extension installed successfully: ms-python.vscode-python-envs vscode-userdata:/home/jay/.vscode/extensions/extensions.json
2025-12-05 16:16:00.533 [info] Extension installed successfully: ms-python.debugpy vscode-userdata:/home/jay/.vscode/extensions/extensions.json
2025-12-05 16:16:00.533 [info] Extension installed successfully: ms-python.python vscode-userdata:/home/jay/.vscode/extensions/extensions.json
2025-12-05 16:16:00.533 [info] Extension installed successfully: ms-python.vscode-pylance vscode-userdata:/home/jay/.vscode/extensions/extensions.json
